#
# A fatal error has been detected by the Java Runtime Environment:
#
#  SIGSEGV (0xb) at pc=0x01286812, pid=15998, tid=3073760112
#
# JRE version: 6.0-b16
# Java VM: OpenJDK Client VM (14.0-b16 mixed mode, sharing linux-x86 )
# Distribution: Ubuntu 9.10, package 6b16-1.6.1-3ubuntu1
# Problematic frame:
# V  [libjvm.so+0x2fc812]
#
# If you would like to submit a bug report, please include
# instructions how to reproduce the bug and visit:
#   https://bugs.launchpad.net/ubuntu/+source/openjdk-6/
#

---------------  T H R E A D  ---------------

Current thread (0x080f4c00):  JavaThread "CompilerThread0" daemon [_thread_in_vm, id=16005, stack(0xb72dd000,0xb735e000)]

siginfo:si_signo=SIGSEGV: si_errno=0, si_code=1 (SEGV_MAPERR), si_addr=0x00000010

Registers:
EAX=0x00000000, EBX=0x01395ff4, ECX=0x01395ff4, EDX=0x00000f00
ESP=0xb735c970, EBP=0xb735c978, ESI=0x00000f00, EDI=0xb735ca70
EIP=0x01286812, CR2=0x00000010, EFLAGS=0x00010282

Top of Stack: (sp=0xb735c970)
0xb735c970:   01395ff4 b735ca2c b735c998 0128686f
0xb735c980:   00000f00 013b9760 00000000 0128683a
0xb735c990:   01395ff4 b735ca00 b735c9d8 01287115
0xb735c9a0:   b735ca2c b735ca2c 05c25d67 05c25d67
0xb735c9b0:   b735ca00 b735ca70 b735c9d8 b735ca2c
0xb735c9c0:   b735ca2c 013b9760 b735cd70 01395ff4
0xb735c9d0:   b735ca00 b735ca70 b735ca58 01099ea5
0xb735c9e0:   b735ca00 b735cd70 b735ca70 00000000 

Instructions: (pc=0x01286812)
0x01286802:   39 c6 7d 1a 83 ec 0c 56 e8 71 72 02 00 83 c4 10
0x01286812:   8b 40 10 8d 65 f8 5b 5e 5d c3 8d 74 26 00 8d 65 

Stack: [0xb72dd000,0xb735e000],  sp=0xb735c970,  free space=510k
Native frames: (J=compiled Java code, j=interpreted, Vv=VM code, C=native code)
V  [libjvm.so+0x2fc812]
V  [libjvm.so+0x2fc86f]
V  [libjvm.so+0x2fd115]
V  [libjvm.so+0x10fea5]
V  [libjvm.so+0x110801]
V  [libjvm.so+0x10d86f]
V  [libjvm.so+0x10da4b]
V  [libjvm.so+0x10e501]
V  [libjvm.so+0xcad81]
V  [libjvm.so+0xcae22]
V  [libjvm.so+0x37537]
V  [libjvm.so+0x74120]
V  [libjvm.so+0x740d7]
V  [libjvm.so+0x120822]
V  [libjvm.so+0x120f57]
V  [libjvm.so+0x362108]
V  [libjvm.so+0x36706c]
V  [libjvm.so+0x36712a]
V  [libjvm.so+0x2c6341]
C  [libpthread.so.0+0x580e]


Current CompileTask:
C1:  1      java.lang.String.hashCode()I (60 bytes)


---------------  P R O C E S S  ---------------

Java Threads: ( => current thread )
  0xb7403c00 JavaThread "Low Memory Detector" daemon [_thread_blocked, id=16006, stack(0xb728c000,0xb72dd000)]
=>0x080f4c00 JavaThread "CompilerThread0" daemon [_thread_in_vm, id=16005, stack(0xb72dd000,0xb735e000)]
  0x080f3000 JavaThread "Signal Dispatcher" daemon [_thread_blocked, id=16004, stack(0xb735e000,0xb73af000)]
  0x080ed800 JavaThread "Finalizer" daemon [_thread_blocked, id=16003, stack(0xb73af000,0xb7400000)]
  0x080ebc00 JavaThread "Reference Handler" daemon [_thread_blocked, id=16002, stack(0xb7547000,0xb7598000)]
  0x080bd400 JavaThread "main" [_thread_in_vm, id=16000, stack(0xb77e1000,0xb7832000)]

Other Threads:
  0x080ea000 VMThread [stack: 0xb7598000,0xb7619000] [id=16001]
  0xb740e000 WatcherThread [stack: 0xb720b000,0xb728c000] [id=16007]

VM state:not at safepoint (normal execution)

VM Mutex/Monitor currently owned by a thread:  ([mutex/lock_event])
[0x080ba850] CodeCache_lock - owner thread: 0x080f4c00
[0x080bb620] AdapterHandlerLibrary_lock - owner thread: 0x080bd400

Heap
 def new generation   total 960K, used 181K [0x6f020000, 0x6f120000, 0x71780000)
  eden space 896K,  20% used [0x6f020000, 0x6f04d7a0, 0x6f100000)
  from space 64K,   0% used [0x6f100000, 0x6f100000, 0x6f110000)
  to   space 64K,   0% used [0x6f110000, 0x6f110000, 0x6f120000)
 tenured generation   total 4096K, used 0K [0x71780000, 0x71b80000, 0x8f020000)
   the space 4096K,   0% used [0x71780000, 0x71780000, 0x71780200, 0x71b80000)
 compacting perm gen  total 12288K, used 17K [0x8f020000, 0x8fc20000, 0x93020000)
   the space 12288K,   0% used [0x8f020000, 0x8f024540, 0x8f024600, 0x8fc20000)
    ro space 8192K,  89% used [0x93020000, 0x9374d318, 0x9374d400, 0x93820000)
    rw space 12288K,  59% used [0x93820000, 0x93f4c748, 0x93f4c800, 0x94420000)

Dynamic libraries:
00110000-0011c000 r-xp 00000000 08:01 113353     /usr/lib/jvm/java-6-openjdk/jre/lib/i386/libverify.so
0011c000-0011d000 r--p 0000b000 08:01 113353     /usr/lib/jvm/java-6-openjdk/jre/lib/i386/libverify.so
0011d000-0011e000 rw-p 0000c000 08:01 113353     /usr/lib/jvm/java-6-openjdk/jre/lib/i386/libverify.so
0011e000-00125000 r-xp 00000000 08:01 113354     /usr/lib/jvm/java-6-openjdk/jre/lib/i386/libzip.so
00125000-00126000 r--p 00006000 08:01 113354     /usr/lib/jvm/java-6-openjdk/jre/lib/i386/libzip.so
00126000-00127000 rw-p 00007000 08:01 113354     /usr/lib/jvm/java-6-openjdk/jre/lib/i386/libzip.so
00127000-0012f000 rwxp 00000000 00:00 0 
0012f000-00219000 rwxp 00000000 00:00 0 
0024c000-00255000 r-xp 00000000 08:01 4916       /lib/tls/i686/cmov/libnss_nis-2.10.1.so
00255000-00256000 r--p 00008000 08:01 4916       /lib/tls/i686/cmov/libnss_nis-2.10.1.so
00256000-00257000 rw-p 00009000 08:01 4916       /lib/tls/i686/cmov/libnss_nis-2.10.1.so
002f9000-002fb000 rwxp 00000000 00:00 0 
002fb000-00379000 rwxp 00000000 00:00 0 
00379000-0037a000 rwxp 00000000 00:00 0 
0037a000-0038c000 rwxp 00000000 00:00 0 
0038c000-0038f000 rwxp 00000000 00:00 0 
0038f000-00479000 rwxp 00000000 00:00 0 
00479000-0047f000 rwxp 00000000 00:00 0 
0047f000-00499000 rwxp 00000000 00:00 0 
00499000-004a4000 rwxp 00000000 00:00 0 
005db000-005e5000 r-xp 00000000 08:01 4912       /lib/tls/i686/cmov/libnss_files-2.10.1.so
005e5000-005e6000 r--p 00009000 08:01 4912       /lib/tls/i686/cmov/libnss_files-2.10.1.so
005e6000-005e7000 rw-p 0000a000 08:01 4912       /lib/tls/i686/cmov/libnss_files-2.10.1.so
0062f000-00636000 r-xp 00000000 08:01 113355     /usr/lib/jvm/java-6-openjdk/jre/lib/i386/native_threads/libhpi.so
00636000-00637000 r--p 00006000 08:01 113355     /usr/lib/jvm/java-6-openjdk/jre/lib/i386/native_threads/libhpi.so
00637000-00638000 rw-p 00007000 08:01 113355     /usr/lib/jvm/java-6-openjdk/jre/lib/i386/native_threads/libhpi.so
00734000-0073a000 r-xp 00000000 08:01 4908       /lib/tls/i686/cmov/libnss_compat-2.10.1.so
0073a000-0073b000 r--p 00005000 08:01 4908       /lib/tls/i686/cmov/libnss_compat-2.10.1.so
0073b000-0073c000 rw-p 00006000 08:01 4908       /lib/tls/i686/cmov/libnss_compat-2.10.1.so
00784000-00785000 r-xp 00000000 00:00 0          [vdso]
007a3000-007b7000 r-xp 00000000 08:01 1628       /lib/libz.so.1.2.3.3
007b7000-007b8000 r--p 00013000 08:01 1628       /lib/libz.so.1.2.3.3
007b8000-007b9000 rw-p 00014000 08:01 1628       /lib/libz.so.1.2.3.3
007c9000-007d0000 rwxp 00000000 00:00 0 
008e3000-008f6000 r-xp 00000000 08:01 4906       /lib/tls/i686/cmov/libnsl-2.10.1.so
008f6000-008f7000 r--p 00012000 08:01 4906       /lib/tls/i686/cmov/libnsl-2.10.1.so
008f7000-008f8000 rw-p 00013000 08:01 4906       /lib/tls/i686/cmov/libnsl-2.10.1.so
008f8000-008fa000 rw-p 00000000 00:00 0 
008fe000-00905000 r-xp 00000000 08:01 4925       /lib/tls/i686/cmov/librt-2.10.1.so
00905000-00906000 r--p 00006000 08:01 4925       /lib/tls/i686/cmov/librt-2.10.1.so
00906000-00907000 rw-p 00007000 08:01 4925       /lib/tls/i686/cmov/librt-2.10.1.so
0090e000-00932000 r-xp 00000000 08:01 4903       /lib/tls/i686/cmov/libm-2.10.1.so
00932000-00933000 r--p 00023000 08:01 4903       /lib/tls/i686/cmov/libm-2.10.1.so
00933000-00934000 rw-p 00024000 08:01 4903       /lib/tls/i686/cmov/libm-2.10.1.so
009bc000-009bf000 r-xp 00000000 08:01 113325     /usr/lib/jvm/java-6-openjdk/jre/lib/i386/jli/libjli.so
009bf000-009c0000 r--p 00003000 08:01 113325     /usr/lib/jvm/java-6-openjdk/jre/lib/i386/jli/libjli.so
009c0000-009c1000 rw-p 00004000 08:01 113325     /usr/lib/jvm/java-6-openjdk/jre/lib/i386/jli/libjli.so
00b75000-00b7c000 rwxp 00000000 00:00 0 
00b7c000-00b96000 rwxp 00000000 00:00 0 
00c07000-00d45000 r-xp 00000000 08:01 4895       /lib/tls/i686/cmov/libc-2.10.1.so
00d45000-00d47000 r--p 0013e000 08:01 4895       /lib/tls/i686/cmov/libc-2.10.1.so
00d47000-00d48000 rw-p 00140000 08:01 4895       /lib/tls/i686/cmov/libc-2.10.1.so
00d48000-00d4b000 rw-p 00000000 00:00 0 
00dc0000-00ddb000 r-xp 00000000 08:01 1476       /lib/ld-2.10.1.so
00ddb000-00ddc000 r--p 0001a000 08:01 1476       /lib/ld-2.10.1.so
00ddc000-00ddd000 rw-p 0001b000 08:01 1476       /lib/ld-2.10.1.so
00de9000-00deb000 r-xp 00000000 08:01 4901       /lib/tls/i686/cmov/libdl-2.10.1.so
00deb000-00dec000 r--p 00001000 08:01 4901       /lib/tls/i686/cmov/libdl-2.10.1.so
00dec000-00ded000 rw-p 00002000 08:01 4901       /lib/tls/i686/cmov/libdl-2.10.1.so
00f26000-00f4a000 r-xp 00000000 08:01 113337     /usr/lib/jvm/java-6-openjdk/jre/lib/i386/libjava.so
00f4a000-00f4b000 r--p 00023000 08:01 113337     /usr/lib/jvm/java-6-openjdk/jre/lib/i386/libjava.so
00f4b000-00f4d000 rw-p 00024000 08:01 113337     /usr/lib/jvm/java-6-openjdk/jre/lib/i386/libjava.so
00f71000-00f86000 r-xp 00000000 08:01 4921       /lib/tls/i686/cmov/libpthread-2.10.1.so
00f86000-00f87000 r--p 00014000 08:01 4921       /lib/tls/i686/cmov/libpthread-2.10.1.so
00f87000-00f88000 rw-p 00015000 08:01 4921       /lib/tls/i686/cmov/libpthread-2.10.1.so
00f88000-00f8a000 rw-p 00000000 00:00 0 
00f8a000-0137f000 r-xp 00000000 08:01 113322     /usr/lib/jvm/java-6-openjdk/jre/lib/i386/client/libjvm.so
0137f000-01380000 ---p 003f5000 08:01 113322     /usr/lib/jvm/java-6-openjdk/jre/lib/i386/client/libjvm.so
01380000-01396000 r--p 003f5000 08:01 113322     /usr/lib/jvm/java-6-openjdk/jre/lib/i386/client/libjvm.so
01396000-013a2000 rw-p 0040b000 08:01 113322     /usr/lib/jvm/java-6-openjdk/jre/lib/i386/client/libjvm.so
013a2000-017c2000 rw-p 00000000 00:00 0 
05bb3000-05c2b000 rwxp 00000000 00:00 0 
05c2b000-07bb3000 rwxp 00000000 00:00 0 
08048000-08051000 r-xp 00000000 08:01 113377     /usr/lib/jvm/java-6-openjdk/jre/bin/java
08051000-08052000 r--p 00008000 08:01 113377     /usr/lib/jvm/java-6-openjdk/jre/bin/java
08052000-08053000 rw-p 00009000 08:01 113377     /usr/lib/jvm/java-6-openjdk/jre/bin/java
080b7000-08100000 rw-p 00000000 00:00 0          [heap]
6f020000-6f120000 rwxp 00000000 00:00 0 
6f120000-71780000 rwxp 00000000 00:00 0 
71780000-71b80000 rwxp 00000000 00:00 0 
71b80000-8f020000 rwxp 00000000 00:00 0 
8f020000-8fc20000 rwxp 00000000 00:00 0 
8fc20000-93020000 rwxp 00000000 00:00 0 
93020000-9374e000 r--s 00001000 08:01 115087     /usr/lib/jvm/java-6-openjdk/jre/lib/i386/client/classes.jsa
9374e000-93820000 rwxp 00000000 00:00 0 
93820000-93f4d000 rw-p 0072f000 08:01 115087     /usr/lib/jvm/java-6-openjdk/jre/lib/i386/client/classes.jsa
93f4d000-94420000 rwxp 00000000 00:00 0 
94420000-94519000 rw-p 00e5c000 08:01 115087     /usr/lib/jvm/java-6-openjdk/jre/lib/i386/client/classes.jsa
94519000-94820000 rwxp 00000000 00:00 0 
94820000-94828000 r-xs 00f55000 08:01 115087     /usr/lib/jvm/java-6-openjdk/jre/lib/i386/client/classes.jsa
94828000-94c20000 rwxp 00000000 00:00 0 
b720b000-b720c000 ---p 00000000 00:00 0 
b720c000-b728c000 rw-p 00000000 00:00 0 
b728c000-b728f000 ---p 00000000 00:00 0 
b728f000-b72dd000 rw-p 00000000 00:00 0 
b72dd000-b72e0000 ---p 00000000 00:00 0 
b72e0000-b735e000 rw-p 00000000 00:00 0 
b735e000-b7361000 ---p 00000000 00:00 0 
b7361000-b73af000 rw-p 00000000 00:00 0 
b73af000-b73b2000 ---p 00000000 00:00 0 
b73b2000-b7400000 rw-p 00000000 00:00 0 
b7400000-b7424000 rw-p 00000000 00:00 0 
b7424000-b7500000 ---p 00000000 00:00 0 
b7501000-b7508000 r--s 00000000 08:01 10098      /usr/lib/gconv/gconv-modules.cache
b7508000-b7547000 r--p 00000000 08:01 11827      /usr/lib/locale/en_US.utf8/LC_CTYPE
b7547000-b754a000 ---p 00000000 00:00 0 
b754a000-b7598000 rw-p 00000000 00:00 0 
b7598000-b7599000 ---p 00000000 00:00 0 
b7599000-b764c000 rw-p 00000000 00:00 0 
b764c000-b77e1000 r--s 038e8000 08:01 113320     /usr/lib/jvm/java-6-openjdk/jre/lib/rt.jar
b77e1000-b77e4000 ---p 00000000 00:00 0 
b77e4000-b7835000 rw-p 00000000 00:00 0 
b7843000-b784b000 rw-s 00000000 08:01 143952     /tmp/hsperfdata_alex/15998
b784b000-b784c000 rw-p 00000000 00:00 0 
b784c000-b784d000 r--p 00000000 00:00 0 
b784d000-b784f000 rw-p 00000000 00:00 0 
bf8fd000-bf912000 rw-p 00000000 00:00 0          [stack]

VM Arguments:
jvm_args: -Dant.home=/media/disk-1/home/alex/Development/apache-ant-1.7.1 -Dant.library.dir=/media/disk-1/home/alex/Development/apache-ant-1.7.1/lib 
java_command: org.apache.tools.ant.launch.Launcher -cp 
Launcher Type: SUN_STANDARD

Environment Variables:
JAVA_HOME=/usr/lib/jvm/java-6-openjdk
JRE_HOME=/usr/lib/jvm/java-6-openjdk
PATH=/usr/local/sbin:/usr/local/bin:/usr/sbin:/usr/bin:/sbin:/bin:/usr/games:/media/disk-1/home/alex/Development/apache-ant-1.7.1/bin:/media/disk-1/home/alex/Development/apache-maven-2.0.9/bin
LD_LIBRARY_PATH=/usr/lib/jvm/java-6-openjdk/jre/lib/i386/client:/usr/lib/jvm/java-6-openjdk/jre/lib/i386:/usr/lib/jvm/java-6-openjdk/jre/../lib/i386:/usr/lib/jvm/java-6-openjdk/jre/lib/i386/:/usr/lib/jvm/java-6-openjdk/jre/lib/i386/client/:/usr/lib/soprano/
SHELL=/bin/bash
DISPLAY=:0.0

Signal Handlers:
SIGSEGV: [libjvm.so+0x393d30], sa_mask[0]=0x7ffbfeff, sa_flags=0x10000004
SIGBUS: [libjvm.so+0x393d30], sa_mask[0]=0x7ffbfeff, sa_flags=0x10000004
SIGFPE: [libjvm.so+0x2c2c90], sa_mask[0]=0x7ffbfeff, sa_flags=0x10000004
SIGPIPE: [libjvm.so+0x2c2c90], sa_mask[0]=0x7ffbfeff, sa_flags=0x10000004
SIGXFSZ: [libjvm.so+0x2c2c90], sa_mask[0]=0x7ffbfeff, sa_flags=0x10000004
SIGILL: [libjvm.so+0x2c2c90], sa_mask[0]=0x7ffbfeff, sa_flags=0x10000004
SIGUSR1: SIG_DFL, sa_mask[0]=0x00000000, sa_flags=0x00000000
SIGUSR2: [libjvm.so+0x2c2370], sa_mask[0]=0x00000000, sa_flags=0x10000004
SIGHUP: [libjvm.so+0x2c4a20], sa_mask[0]=0x7ffbfeff, sa_flags=0x10000004
SIGINT: [libjvm.so+0x2c4a20], sa_mask[0]=0x7ffbfeff, sa_flags=0x10000004
SIGTERM: [libjvm.so+0x2c4a20], sa_mask[0]=0x7ffbfeff, sa_flags=0x10000004
SIGQUIT: [libjvm.so+0x2c4a20], sa_mask[0]=0x7ffbfeff, sa_flags=0x10000004


---------------  S Y S T E M  ---------------

OS:Ubuntu 9.10 (karmic)
uname:Linux 2.6.31-14-generic #48-Ubuntu SMP Fri Oct 16 14:04:26 UTC 2009 i686
libc:glibc 2.10.1 NPTL 2.10.1 
rlimit: STACK 8192k, CORE 0k, NPROC infinity, NOFILE 1024, AS infinity
load average:0.33 0.26 0.19

CPU:total 2 (2 cores per cpu, 1 threads per core) family 6 model 15 stepping 13, cmov, cx8, fxsr, mmx, sse, sse2, sse3, ssse3

Memory: 4k page, physical 1017228k(79120k free), swap 2040244k(1598364k free)

vm_info: OpenJDK Client VM (14.0-b16) for linux-x86 JRE (1.6.0_0-b16), built on Nov 10 2009 02:02:45 by "buildd" with gcc 4.4.1

time: Mon Dec  7 00:05:30 2009
elapsed time: 0 seconds

